C51 COMPILER V9.60.7.0   DELAY                                                             04/16/2026 10:00:10 PAGE 1   


C51 COMPILER V9.60.7.0, COMPILATION OF MODULE DELAY
OBJECT MODULE PLACED IN .\Objects\delay.obj
COMPILER INVOKED BY: D:\Keil_v5\C51\C51\BIN\C51.EXE delay.c OPTIMIZE(8,SPEED) BROWSE DEBUG OBJECTEXTEND PRINT(.\Listings
                    -\delay.lst) TABS(2) OBJECT(.\Objects\delay.obj)

line level    source

   1          #include <stc15w408as.H>
   2          #include <INTRINS.H> //标准变量库
   3          
   4          //标准的循环延迟
   5          void delay(unsigned int xms) {
   6   1          unsigned char i, j;
   7   1          while (xms--) {
   8   2              // 以下代码段可实现约 1ms 的延时 (@12.000MHz)
   9   2              i = 12;          // 对应 12MHz 的参数 1
  10   2              j = 169;         // 对应 12MHz 的参数 2
  11   2              do {
  12   3                  while (--j);
  13   3              } while (--i);
  14   2          }
  15   1      }


MODULE INFORMATION:   STATIC OVERLAYABLE
   CODE SIZE        =     21    ----
   CONSTANT SIZE    =   ----    ----
   XDATA SIZE       =   ----    ----
   PDATA SIZE       =   ----    ----
   DATA SIZE        =   ----    ----
   IDATA SIZE       =   ----    ----
   BIT SIZE         =   ----    ----
END OF MODULE INFORMATION.


C51 COMPILATION COMPLETE.  0 WARNING(S),  0 ERROR(S)
