C51 COMPILER V9.60.7.0   MAIN                                                              04/16/2026 10:05:50 PAGE 1   


C51 COMPILER V9.60.7.0, COMPILATION OF MODULE MAIN
OBJECT MODULE PLACED IN .\Objects\main.obj
COMPILER INVOKED BY: D:\Keil_v5\C51\C51\BIN\C51.EXE main.c OPTIMIZE(8,SPEED) BROWSE DEBUG OBJECTEXTEND PRINT(.\Listings\
                    -main.lst) TABS(2) OBJECT(.\Objects\main.obj)

line level    source

   1          #include <stc15w408as.H>
   2          
   3          #include <RedWAI.H>
   4          #include <UART.H>
   5          
   6          unsigned char Code=0;   //红外接收缓存区
   7          
   8          void main(){
   9   1        RedWAI_init();
  10   1        Uart_Init();  
  11   1        
  12   1        while(1){
  13   2          
  14   2          Code=get_Red_Data();
  15   2          //如果接收到就打印
  16   2          if(Code!=0){
  17   3            printf("%d \t\n",(int)Code);
  18   3          }
  19   2        }
  20   1      }
  21          
  22          


MODULE INFORMATION:   STATIC OVERLAYABLE
   CODE SIZE        =     31    ----
   CONSTANT SIZE    =      6    ----
   XDATA SIZE       =   ----    ----
   PDATA SIZE       =   ----    ----
   DATA SIZE        =      1    ----
   IDATA SIZE       =   ----    ----
   BIT SIZE         =   ----    ----
END OF MODULE INFORMATION.


C51 COMPILATION COMPLETE.  0 WARNING(S),  0 ERROR(S)
