C51 COMPILER V9.60.7.0   SERVO                                                             04/16/2026 10:00:10 PAGE 1   


C51 COMPILER V9.60.7.0, COMPILATION OF MODULE SERVO
OBJECT MODULE PLACED IN .\Objects\Servo.obj
COMPILER INVOKED BY: D:\Keil_v5\C51\C51\BIN\C51.EXE Servo.c OPTIMIZE(8,SPEED) BROWSE DEBUG OBJECTEXTEND PRINT(.\Listings
                    -\Servo.lst) TABS(2) OBJECT(.\Objects\Servo.obj)

line level    source

   1          #include <stc15w408as.H>
   2          
   3          //全局变量区
   4          sbit PWM_IO=P1^3;
   5          unsigned char Actual=0;
   6          
   7          //void Servo_Init(){
   8          //  //初始化定时器
   9          //  TMOD &= 0xF0;   //设置定时器模式
  10          //  TMOD |= 0x01;   //设置定时器模式
  11          //  TL0 = 0x18;   //设置定时初值
  12          //  TH0 = 0xFC;   //设置定时初值
  13          //  TF0 = 0;    //清除TF0标志
  14          //  TR0 = 1;    //定时器0开始计时
  15          //  ET0=1;  //允许中断（没做解释，自行了解）
  16          //  EA=1;   //允许总中断
  17          //  PT0=0;   //中断优先级等于0
  18          //  
  19          //}
  20          
  21          //高电平t占整个周期T（20ms）的时间
  22          //舵机旋转的角度
  23          //0.5ms ---------> 0度
  24          //1ms ---------> 45度
  25          //1.5ms ---------> 90度
  26          //2ms ---------> 135度
  27          //2.5ms ---------> 180度
  28          //映射角度值
  29          void Servo_Set(unsigned char Angle){
  30   1        unsigned char ticks;  //中间变量
  31   1      
  32   1          if(Angle > 180) Angle = 180;
  33   1          // 0.5ms + Angle*(2.0ms/180)  ≈ (Angle/45+1)*0.5ms
  34   1          ticks = Angle / 45 + 1;       // 1~5，对应 0.5~2.5ms
  35   1      
  36   1          ET0 = 0;
  37   1          Actual = ticks;
  38   1          ET0 = 1;
  39   1      }
  40          
  41          
  42          ////中断函数
  43          //void Timer0_Routine(void) interrupt 1
  44          //{
  45          //    static unsigned char cnt = 0;
  46          
  47          //    TL0 = 0x33;
  48          //    TH0 = 0xFE;
  49          
  50          //  //采用首尾置位的方式减小cpu负担
  51          //    // 周期开始：拉高
  52          //    if(cnt == 0)
  53          //        PWM_IO = 1;
  54          
C51 COMPILER V9.60.7.0   SERVO                                                             04/16/2026 10:00:10 PAGE 2   

  55          //    // 到了应该结束高电平的位置：拉低
  56          //    if(cnt == Actual)
  57          //        PWM_IO = 0;
  58          
  59          //    cnt++;
  60          //    if(cnt >= 40)      // 40*0.5ms=20ms
  61          //        cnt = 0;
  62          //}


MODULE INFORMATION:   STATIC OVERLAYABLE
   CODE SIZE        =     21    ----
   CONSTANT SIZE    =   ----    ----
   XDATA SIZE       =   ----    ----
   PDATA SIZE       =   ----    ----
   DATA SIZE        =      1    ----
   IDATA SIZE       =   ----    ----
   BIT SIZE         =   ----    ----
END OF MODULE INFORMATION.


C51 COMPILATION COMPLETE.  0 WARNING(S),  0 ERROR(S)
