C51 COMPILER V9.60.7.0   UART                                                              04/16/2026 10:05:50 PAGE 1   


C51 COMPILER V9.60.7.0, COMPILATION OF MODULE UART
OBJECT MODULE PLACED IN .\Objects\uart.obj
COMPILER INVOKED BY: D:\Keil_v5\C51\C51\BIN\C51.EXE uart.c OPTIMIZE(8,SPEED) BROWSE DEBUG OBJECTEXTEND PRINT(.\Listings\
                    -uart.lst) TABS(2) OBJECT(.\Objects\uart.obj)

line level    source

   1          #include "uart.h"
   2          #include <stdio.h>
   3          
   4          // ##### 全局变量区 #####
   5          static volatile bit busy; // 使用 volatile 防止编译器过度优化
   6          
   7          static unsigned char rx_buffer[RX_BUF_SIZE];
   8          static unsigned char write_ptr = 0; 
   9          static unsigned char read_ptr = 0;  
  10          
  11          // ######宏定义区#######
  12          #define UART_CON  SCON
  13          #define UART_BUF  SBUF
  14          #define UART_ISR_NUM 4  
  15          // 串口1位定义
  16          #define UART_TI_BIT TI
  17          #define UART_RI_BIT RI
  18          
  19          /**
  20           * @brief  串口初始化 (9600bps @ 12MHz)
  21           * @note   STC15W408AS 默认使用定时器2作为波特率发生器
  22           */
  23          void Uart_Init(void)
  24          {
  25   1          busy = 0;
  26   1      
  27   1          SCON = 0x50;        // 8位数据, 可变波特率
  28   1          AUXR |= 0x01;       // 串口1选择定时器2为波特率发生器
  29   1      
  30   1      
  31   1          // --- 定时器2设置 (针对12MHz时钟) ---
  32   1          AUXR |= 0x04;       // 定时器2时钟为1T模式 (不分频)
  33   1          T2L = 0xC7;         // 9600bps: 65536 - (12000000/4/9600) = 65223 (0xFE87)
  34   1          T2H = 0xFE;         // 注意：1T模式下精度更高
  35   1          AUXR |= 0x10;       // 启动定时器2
  36   1      
  37   1          // --- 中断配置 ---
  38   1          ES = 1;             // 开启串口1中断
  39   1          EA = 1;
  40   1        
  41   1      }
  42          
  43          /**
  44           * @brief 重定向 putchar，支持 printf
  45           */
  46          char putchar(char ch)
  47          {
  48   1          while(busy);        // 等待上一个数据发送完成
  49   1          busy = 1;
  50   1          UART_BUF = ch;
  51   1          return ch;
  52   1      }
  53          
  54          /**
C51 COMPILER V9.60.7.0   UART                                                              04/16/2026 10:05:50 PAGE 2   

  55           * @brief 接收读取
  56           */
  57          unsigned char Uart_ReadByte(unsigned char *dat)
  58          {
  59   1          if (read_ptr == write_ptr) return 0; 
  60   1          
  61   1          *dat = rx_buffer[read_ptr];
  62   1          read_ptr = (read_ptr + 1) % RX_BUF_SIZE;
  63   1          return 1;
  64   1      }
  65          
  66          /**
  67           * @brief 统一中断服务函数
  68           */
  69          void Uart_Isr(void) interrupt UART_ISR_NUM
  70          {
  71   1          if (TI)
  72   1          {
  73   2              TI = 0;
  74   2              busy = 0;
  75   2          }
  76   1          if (RI)
  77   1          {
  78   2              RI = 0;
  79   2              rx_buffer[write_ptr] = SBUF;
  80   2              write_ptr = (write_ptr + 1) % RX_BUF_SIZE;
  81   2          }
  82   1      }


MODULE INFORMATION:   STATIC OVERLAYABLE
   CODE SIZE        =    102    ----
   CONSTANT SIZE    =   ----    ----
   XDATA SIZE       =   ----    ----
   PDATA SIZE       =   ----    ----
   DATA SIZE        =     18    ----
   IDATA SIZE       =   ----    ----
   BIT SIZE         =      1    ----
END OF MODULE INFORMATION.


C51 COMPILATION COMPLETE.  0 WARNING(S),  0 ERROR(S)
